0 info it worked if it ends with ok
1 verbose cli [ '/usr/local/bin/node', '/usr/local/bin/npm', 'start' ]
2 info using npm@3.8.6
3 info using node@v6.0.0
4 verbose run-script [ 'prestart', 'start', 'poststart' ]
5 info lifecycle elkhorn@0.0.1~prestart: elkhorn@0.0.1
6 verbose lifecycle elkhorn@0.0.1~prestart: unsafe-perm in lifecycle true
7 verbose lifecycle elkhorn@0.0.1~prestart: PATH: /usr/local/lib/node_modules/npm/bin/node-gyp-bin:/Users/pablocubico/dev/coral/elkhorn/node_modules/.bin:/usr/local/bin:/usr/local/bin:/usr/bin:/bin:/usr/sbin:/sbin
8 verbose lifecycle elkhorn@0.0.1~prestart: CWD: /Users/pablocubico/dev/coral/elkhorn
9 silly lifecycle elkhorn@0.0.1~prestart: Args: [ '-c', 'npm run build' ]
10 silly lifecycle elkhorn@0.0.1~prestart: Returned: code: 0  signal: null
11 info lifecycle elkhorn@0.0.1~start: elkhorn@0.0.1
12 verbose lifecycle elkhorn@0.0.1~start: unsafe-perm in lifecycle true
13 verbose lifecycle elkhorn@0.0.1~start: PATH: /usr/local/lib/node_modules/npm/bin/node-gyp-bin:/Users/pablocubico/dev/coral/elkhorn/node_modules/.bin:/usr/local/bin:/usr/local/bin:/usr/bin:/bin:/usr/sbin:/sbin
14 verbose lifecycle elkhorn@0.0.1~start: CWD: /Users/pablocubico/dev/coral/elkhorn
15 silly lifecycle elkhorn@0.0.1~start: Args: [ '-c',
15 silly lifecycle   'bash superstatic build -p ${PORT:-8080} --host 0.0.0.0 --gzip -c \'{"rewrites": [{"source":"**","destination":"index.html"}],"headers":[{"source":"**","headers":[{"key":"Cache-Control","value":"max-age=86400"}]}]}\'' ]
16 silly lifecycle elkhorn@0.0.1~start: Returned: code: 2  signal: null
17 info lifecycle elkhorn@0.0.1~start: Failed to exec start script
18 verbose stack Error: elkhorn@0.0.1 start: `bash superstatic build -p ${PORT:-8080} --host 0.0.0.0 --gzip -c '{"rewrites": [{"source":"**","destination":"index.html"}],"headers":[{"source":"**","headers":[{"key":"Cache-Control","value":"max-age=86400"}]}]}'`
18 verbose stack Exit status 2
18 verbose stack     at EventEmitter.<anonymous> (/usr/local/lib/node_modules/npm/lib/utils/lifecycle.js:239:16)
18 verbose stack     at emitTwo (events.js:106:13)
18 verbose stack     at EventEmitter.emit (events.js:191:7)
18 verbose stack     at ChildProcess.<anonymous> (/usr/local/lib/node_modules/npm/lib/utils/spawn.js:24:14)
18 verbose stack     at emitTwo (events.js:106:13)
18 verbose stack     at ChildProcess.emit (events.js:191:7)
18 verbose stack     at maybeClose (internal/child_process.js:850:16)
18 verbose stack     at Process.ChildProcess._handle.onexit (internal/child_process.js:215:5)
19 verbose pkgid elkhorn@0.0.1
20 verbose cwd /Users/pablocubico/dev/coral/elkhorn/server
21 error Darwin 15.3.0
22 error argv "/usr/local/bin/node" "/usr/local/bin/npm" "start"
23 error node v6.0.0
24 error npm  v3.8.6
25 error code ELIFECYCLE
26 error elkhorn@0.0.1 start: `bash superstatic build -p ${PORT:-8080} --host 0.0.0.0 --gzip -c '{"rewrites": [{"source":"**","destination":"index.html"}],"headers":[{"source":"**","headers":[{"key":"Cache-Control","value":"max-age=86400"}]}]}'`
26 error Exit status 2
27 error Failed at the elkhorn@0.0.1 start script 'bash superstatic build -p ${PORT:-8080} --host 0.0.0.0 --gzip -c '{"rewrites": [{"source":"**","destination":"index.html"}],"headers":[{"source":"**","headers":[{"key":"Cache-Control","value":"max-age=86400"}]}]}''.
27 error Make sure you have the latest version of node.js and npm installed.
27 error If you do, this is most likely a problem with the elkhorn package,
27 error not with npm itself.
27 error Tell the author that this fails on your system:
27 error     bash superstatic build -p ${PORT:-8080} --host 0.0.0.0 --gzip -c '{"rewrites": [{"source":"**","destination":"index.html"}],"headers":[{"source":"**","headers":[{"key":"Cache-Control","value":"max-age=86400"}]}]}'
27 error You can get information on how to open an issue for this project with:
27 error     npm bugs elkhorn
27 error Or if that isn't available, you can get their info via:
27 error     npm owner ls elkhorn
27 error There is likely additional logging output above.
28 verbose exit [ 1, true ]
